1                    ========================================
                     =                                      =
                     =    KSOPT Multiobjective Optimizer    =
                     =                                      =
                     =    Version 2.8         19 July 96    =
                     =                                      =
                     =    Written by    Gregory A. Wrenn    =
                     =                                      =
                     ========================================



          The work array must be dimensioned at least       357 words long.



      ndv=   10     ncon=    1     nobj=    1    nside=    1

   nscale=    1   iprint=   12    itmax=  400    igrad=    1

    rdfun= 0.1000000E-03      adfun= 0.0000000E+00

    fdelt= 0.1000000E-01      fdmin= 0.1000000E-03

   rhomin= 0.5000000E+01     rhomax= 0.1000000E+03       drho= 0.1900000E+02

-------------------------------------------------------------------------
      d.v.       initial          scale          lower           upper
     number       value          factor          bound           bound
 -------------------------------------------------------------------------
        1     0.23577E+00     0.23577E+00     0.10000E+00     0.50000E+00
        2     0.32612E+01     0.32612E+01     0.40000E+00     0.53000E+01
        3     0.45709E+01     0.45709E+01     0.40000E+00     0.53000E+01
        4     0.33178E+01     0.33178E+01     0.40000E+00     0.53000E+01
        5     0.14621E+01     0.14621E+01     0.40000E+00     0.53000E+01
        6     0.13278E+02     0.13278E+02    -0.10000E+02     0.30000E+02
        7     0.74604E+01     0.74604E+01    -0.10000E+02     0.30000E+02
        8     0.28932E+01     0.28932E+01    -0.10000E+02     0.30000E+02
        9    -0.87810E-01     0.87810E-01    -0.10000E+02     0.30000E+02
       10     0.75500E+01     0.75500E+01     0.30000E+01     0.14000E+02

##################################################################
       Beginning of iteration    1
       current value of rho is     0.50000E+01

       design variables
   (    1)= 0.2357700E+00   (    2)= 0.3261200E+01   (    3)= 0.4570900E+01
   (    4)= 0.3317800E+01   (    5)= 0.1462100E+01   (    6)= 0.1327830E+02
   (    7)= 0.7460360E+01   (    8)= 0.2893170E+01   (    9)=-0.8780990E-01
   (   10)= 0.7550000E+01

       scaling vector
   (    1)= 0.2357700E+00   (    2)= 0.3261200E+01   (    3)= 0.4570900E+01
   (    4)= 0.3317800E+01   (    5)= 0.1462100E+01   (    6)= 0.1327830E+02
   (    7)= 0.7460360E+01   (    8)= 0.2893170E+01   (    9)= 0.8780990E-01
   (   10)= 0.7550000E+01

       objective function number   1 =  -0.9999999999997818E+00

       gradients of objective function
   (    1)=-0.3594015E-01   (    2)= 0.1588213E-03   (    3)=-0.6513584E-02
   (    4)=-0.1510159E-01   (    5)=-0.6084939E-02   (    6)= 0.4677578E-03
   (    7)= 0.4804190E-02   (    8)= 0.4135679E-03   (    9)= 0.1544794E-03
   (   10)=-0.9299647E-02

       constraint values
   (    1)=-0.1000000E+01

       gradients for constraint    1
   (    1)= 0.0000000E+00   (    2)= 0.0000000E+00   (    3)= 0.0000000E+00
   (    4)= 0.0000000E+00   (    5)= 0.0000000E+00   (    6)= 0.0000000E+00
   (    7)= 0.0000000E+00   (    8)= 0.0000000E+00   (    9)= 0.0000000E+00
   (   10)= 0.0000000E+00

##################################################################
       Beginning of iteration    2
       current value of rho is     0.50000E+01

       design variables
   (    1)= 0.2370034E+00   (    2)= 0.3260157E+01   (    3)= 0.4654917E+01
   (    4)= 0.3420428E+01   (    5)= 0.1470131E+01   (    6)= 0.1322738E+02
   (    7)= 0.7295285E+01   (    8)= 0.2891033E+01   (    9)=-0.8781064E-01
   (   10)= 0.7877267E+01

       scaling vector
   (    1)= 0.2357700E+00   (    2)= 0.3261200E+01   (    3)= 0.4570900E+01
   (    4)= 0.3317800E+01   (    5)= 0.1462100E+01   (    6)= 0.1327830E+02
   (    7)= 0.7460360E+01   (    8)= 0.2893170E+01   (    9)= 0.8780990E-01
   (   10)= 0.7550000E+01

       objective function number   1 =  -0.1002965877158233E+01

       gradients of objective function
   (    1)= 0.5149083E-02   (    2)= 0.2555210E-03   (    3)=-0.6387357E-02
   (    4)= 0.3951094E-02   (    5)= 0.2152720E-02   (    6)= 0.5637860E-03
   (    7)= 0.3442388E-02   (    8)=-0.5253955E-02   (    9)=-0.8920044E-03
   (   10)= 0.2474033E-02

       constraint values
   (    1)=-0.1000000E+01

       gradients for constraint    1
   (    1)= 0.0000000E+00   (    2)= 0.0000000E+00   (    3)= 0.0000000E+00
   (    4)= 0.0000000E+00   (    5)= 0.0000000E+00   (    6)= 0.0000000E+00
   (    7)= 0.0000000E+00   (    8)= 0.0000000E+00   (    9)= 0.0000000E+00
   (   10)= 0.0000000E+00

##################################################################
       Beginning of iteration    3
       current value of rho is     0.50000E+01

       design variables
   (    1)= 0.2377325E+00   (    2)= 0.3248019E+01   (    3)= 0.5300000E+01
   (    4)= 0.3404498E+01   (    5)= 0.1464218E+01   (    6)= 0.1276432E+02
   (    7)= 0.6302717E+01   (    8)= 0.3059040E+01   (    9)=-0.8778496E-01
   (   10)= 0.7817388E+01

       scaling vector
   (    1)= 0.2377325E+00   (    2)= 0.3248019E+01   (    3)= 0.5300000E+01
   (    4)= 0.3404498E+01   (    5)= 0.1464218E+01   (    6)= 0.1276432E+02
   (    7)= 0.6302717E+01   (    8)= 0.3059040E+01   (    9)= 0.8778496E-01
   (   10)= 0.7817388E+01

       objective function number   1 =  -0.1006860390735529E+01

       gradients of objective function
   (    1)= 0.1447537E-01   (    2)= 0.1811147E-03   (    3)= 0.1790011E-03
   (    4)= 0.1738377E-02   (    5)=-0.6209900E-02   (    6)=-0.1680811E-03
   (    7)=-0.1283207E-02   (    8)=-0.2723460E-02   (    9)= 0.2683173E-03
   (   10)=-0.4911358E-03

       constraint values
   (    1)=-0.1000000E+01

       gradients for constraint    1
   (    1)= 0.0000000E+00   (    2)= 0.0000000E+00   (    3)= 0.0000000E+00
   (    4)= 0.0000000E+00   (    5)= 0.0000000E+00   (    6)= 0.0000000E+00
   (    7)= 0.0000000E+00   (    8)= 0.0000000E+00   (    9)= 0.0000000E+00
   (   10)= 0.0000000E+00

       upper and lower bounds
        3

##################################################################
       Beginning of iteration    4
       current value of rho is     0.50000E+01

       design variables
   (    1)= 0.2331636E+00   (    2)= 0.3237349E+01   (    3)= 0.5271919E+01
   (    4)= 0.3291971E+01   (    5)= 0.1538572E+01   (    6)= 0.1291726E+02
   (    7)= 0.6587398E+01   (    8)= 0.3201370E+01   (    9)=-0.8779651E-01
   (   10)= 0.7985010E+01

       scaling vector
   (    1)= 0.2377325E+00   (    2)= 0.3248019E+01   (    3)= 0.5300000E+01
   (    4)= 0.3404498E+01   (    5)= 0.1464218E+01   (    6)= 0.1276432E+02
   (    7)= 0.6302717E+01   (    8)= 0.3059040E+01   (    9)= 0.8778496E-01
   (   10)= 0.7817388E+01

       objective function number   1 =  -0.1007687504019426E+01

       gradients of objective function
   (    1)=-0.6992905E-02   (    2)= 0.2536354E-03   (    3)=-0.8478715E-03
   (    4)=-0.4349159E-02   (    5)=-0.4874091E-02   (    6)= 0.1038377E-04
   (    7)= 0.5787772E-03   (    8)=-0.1193819E-02   (    9)=-0.2002567E-03
   (   10)=-0.1031737E-02

       constraint values
   (    1)=-0.1000000E+01

       gradients for constraint    1
   (    1)= 0.0000000E+00   (    2)= 0.0000000E+00   (    3)= 0.0000000E+00
   (    4)= 0.0000000E+00   (    5)= 0.0000000E+00   (    6)= 0.0000000E+00
   (    7)= 0.0000000E+00   (    8)= 0.0000000E+00   (    9)= 0.0000000E+00
   (   10)= 0.0000000E+00

##################################################################
       Beginning of iteration    5
       current value of rho is     0.50000E+01

       design variables
   (    1)= 0.2336296E+00   (    2)= 0.3234194E+01   (    3)= 0.5300000E+01
   (    4)= 0.3351407E+01   (    5)= 0.1550892E+01   (    6)= 0.1291527E+02
   (    7)= 0.6560289E+01   (    8)= 0.3214542E+01   (    9)=-0.8779469E-01
   (   10)= 0.8059350E+01

       scaling vector
   (    1)= 0.2336296E+00   (    2)= 0.3234194E+01   (    3)= 0.5300000E+01
   (    4)= 0.3351407E+01   (    5)= 0.1550892E+01   (    6)= 0.1291527E+02
   (    7)= 0.6560289E+01   (    8)= 0.3214542E+01   (    9)= 0.8779469E-01
   (   10)= 0.8059350E+01

       objective function number   1 =  -0.1007830714902171E+01

       gradients of objective function
   (    1)= 0.7618246E-02   (    2)= 0.2533119E-03   (    3)=-0.7970267E-03
   (    4)= 0.1771982E-02   (    5)=-0.1956527E-02   (    6)= 0.2842179E-05
   (    7)=-0.5684490E-04   (    8)=-0.3025567E-02   (    9)=-0.5923203E-03
   (   10)= 0.1870555E-02

       constraint values
   (    1)=-0.1000000E+01

       gradients for constraint    1
   (    1)= 0.0000000E+00   (    2)= 0.0000000E+00   (    3)= 0.0000000E+00
   (    4)= 0.0000000E+00   (    5)= 0.0000000E+00   (    6)= 0.0000000E+00
   (    7)= 0.0000000E+00   (    8)= 0.0000000E+00   (    9)= 0.0000000E+00
   (   10)= 0.0000000E+00

       upper and lower bounds
        3

##################################################################
       Beginning of iteration    6
       current value of rho is     0.50000E+01

       design variables
   (    1)= 0.2333397E+00   (    2)= 0.3232347E+01   (    3)= 0.5300000E+01
   (    4)= 0.3337532E+01   (    5)= 0.1554173E+01   (    6)= 0.1291494E+02
   (    7)= 0.6561995E+01   (    8)= 0.3236337E+01   (    9)=-0.8779150E-01
   (   10)= 0.7974651E+01

       scaling vector
   (    1)= 0.2336296E+00   (    2)= 0.3234194E+01   (    3)= 0.5300000E+01
   (    4)= 0.3351407E+01   (    5)= 0.1550892E+01   (    6)= 0.1291527E+02
   (    7)= 0.6560289E+01   (    8)= 0.3214542E+01   (    9)= 0.8779469E-01
   (   10)= 0.8059350E+01

       objective function number   1 =  -0.1007971782141319E+01

       gradients of objective function
   (    1)= 0.2879616E-04   (    2)= 0.2465547E-03   (    3)=-0.7364239E-03
   (    4)=-0.1642478E-02   (    5)=-0.3641285E-02   (    6)=-0.1805591E-04
   (    7)= 0.1888757E-03   (    8)=-0.1881962E-02   (    9)=-0.3649350E-03
   (   10)=-0.1071357E-03

       constraint values
   (    1)=-0.1000000E+01

       gradients for constraint    1
   (    1)= 0.0000000E+00   (    2)= 0.0000000E+00   (    3)= 0.0000000E+00
   (    4)= 0.0000000E+00   (    5)= 0.0000000E+00   (    6)= 0.0000000E+00
   (    7)= 0.0000000E+00   (    8)= 0.0000000E+00   (    9)= 0.0000000E+00
   (   10)= 0.0000000E+00

       upper and lower bounds
        3

##################################################################
       Beginning of iteration    7
       current value of rho is     0.50000E+01

       design variables
   (    1)= 0.2320680E+00   (    2)= 0.3197124E+01   (    3)= 0.5300000E+01
   (    4)= 0.3472205E+01   (    5)= 0.1660835E+01   (    6)= 0.1294530E+02
   (    7)= 0.6483569E+01   (    8)= 0.3535998E+01   (    9)=-0.8774803E-01
   (   10)= 0.7681371E+01

       scaling vector
   (    1)= 0.2336296E+00   (    2)= 0.3234194E+01   (    3)= 0.5300000E+01
   (    4)= 0.3351407E+01   (    5)= 0.1550892E+01   (    6)= 0.1291527E+02
   (    7)= 0.6560289E+01   (    8)= 0.3214542E+01   (    9)= 0.8779469E-01
   (   10)= 0.8059350E+01

       objective function number   1 =  -0.1008558777518374E+01

       gradients of objective function
   (    1)=-0.4087604E-02   (    2)= 0.1826898E-03   (    3)=-0.7703082E-03
   (    4)=-0.4197942E-02   (    5)=-0.3934242E-02   (    6)=-0.1350747E-03
   (    7)= 0.3145546E-04   (    8)=-0.3354414E-03   (    9)=-0.4368760E-03
   (   10)=-0.3723996E-02

       constraint values
   (    1)=-0.1000000E+01

       gradients for constraint    1
   (    1)= 0.0000000E+00   (    2)= 0.0000000E+00   (    3)= 0.0000000E+00
   (    4)= 0.0000000E+00   (    5)= 0.0000000E+00   (    6)= 0.0000000E+00
   (    7)= 0.0000000E+00   (    8)= 0.0000000E+00   (    9)= 0.0000000E+00
   (   10)= 0.0000000E+00

       upper and lower bounds
        3

##################################################################
       Beginning of iteration    8
       current value of rho is     0.50000E+01

       design variables
   (    1)= 0.2303756E+00   (    2)= 0.3151993E+01   (    3)= 0.5300000E+01
   (    4)= 0.3668837E+01   (    5)= 0.1798413E+01   (    6)= 0.1302791E+02
   (    7)= 0.6410056E+01   (    8)= 0.3910022E+01   (    9)=-0.8768679E-01
   (   10)= 0.7688574E+01

       scaling vector
   (    1)= 0.2336296E+00   (    2)= 0.3234194E+01   (    3)= 0.5300000E+01
   (    4)= 0.3351407E+01   (    5)= 0.1550892E+01   (    6)= 0.1291527E+02
   (    7)= 0.6560289E+01   (    8)= 0.3214542E+01   (    9)= 0.8779469E-01
   (   10)= 0.8059350E+01

       objective function number   1 =  -0.1009266417684975E+01

       gradients of objective function
   (    1)= 0.1353545E-01   (    2)= 0.1626361E-03   (    3)=-0.7960799E-03
   (    4)= 0.3363635E-02   (    5)= 0.5438052E-03   (    6)=-0.1410471E-03
   (    7)=-0.1089237E-02   (    8)=-0.2076637E-02   (    9)=-0.1367030E-02
   (   10)= 0.3189287E-03

       constraint values
   (    1)=-0.1000000E+01

       gradients for constraint    1
   (    1)= 0.0000000E+00   (    2)= 0.0000000E+00   (    3)= 0.0000000E+00
   (    4)= 0.0000000E+00   (    5)= 0.0000000E+00   (    6)= 0.0000000E+00
   (    7)= 0.0000000E+00   (    8)= 0.0000000E+00   (    9)= 0.0000000E+00
   (   10)= 0.0000000E+00

       upper and lower bounds
        3

##################################################################
       Beginning of iteration    9
       current value of rho is     0.50000E+01

       design variables
   (    1)= 0.2259579E+00   (    2)= 0.3098672E+01   (    3)= 0.5300000E+01
   (    4)= 0.3743408E+01   (    5)= 0.1937632E+01   (    6)= 0.1320445E+02
   (    7)= 0.6515033E+01   (    8)= 0.4374183E+01   (    9)=-0.8758279E-01
   (   10)= 0.7643450E+01

       scaling vector
   (    1)= 0.2336296E+00   (    2)= 0.3234194E+01   (    3)= 0.5300000E+01
   (    4)= 0.3351407E+01   (    5)= 0.1550892E+01   (    6)= 0.1291527E+02
   (    7)= 0.6560289E+01   (    8)= 0.3214542E+01   (    9)= 0.8779469E-01
   (   10)= 0.8059350E+01

       objective function number   1 =  -0.1009695889195400E+01

       gradients of objective function
   (    1)= 0.2635987E-02   (    2)= 0.1665869E-03   (    3)=-0.1002875E-02
   (    4)=-0.1064359E-02   (    5)= 0.4774647E-03   (    6)=-0.7659108E-04
   (    7)=-0.3875440E-03   (    8)= 0.2405137E-04   (    9)=-0.1516414E-02
   (   10)=-0.1694756E-02

       constraint values
   (    1)=-0.1000000E+01

       gradients for constraint    1
   (    1)= 0.0000000E+00   (    2)= 0.0000000E+00   (    3)= 0.0000000E+00
   (    4)= 0.0000000E+00   (    5)= 0.0000000E+00   (    6)= 0.0000000E+00
   (    7)= 0.0000000E+00   (    8)= 0.0000000E+00   (    9)= 0.0000000E+00
   (   10)= 0.0000000E+00

       upper and lower bounds
        3

##################################################################
       Beginning of iteration   10
       current value of rho is     0.50000E+01

       design variables
   (    1)= 0.2246294E+00   (    2)= 0.3091825E+01   (    3)= 0.5300000E+01
   (    4)= 0.3716500E+01   (    5)= 0.1940144E+01   (    6)= 0.1326160E+02
   (    7)= 0.6603071E+01   (    8)= 0.4420033E+01   (    9)=-0.8754833E-01
   (   10)= 0.7789656E+01

       scaling vector
   (    1)= 0.2336296E+00   (    2)= 0.3234194E+01   (    3)= 0.5300000E+01
   (    4)= 0.3351407E+01   (    5)= 0.1550892E+01   (    6)= 0.1291527E+02
   (    7)= 0.6560289E+01   (    8)= 0.3214542E+01   (    9)= 0.8779469E-01
   (   10)= 0.8059350E+01

       objective function number   1 =  -0.1009825587533338E+01

       gradients of objective function
   (    1)= 0.2403202E-02   (    2)= 0.2026350E-03   (    3)=-0.1145015E-02
   (    4)=-0.4635245E-03   (    5)= 0.1621963E-02   (    6)= 0.1140649E-04
   (    7)=-0.9871355E-04   (    8)=-0.2681851E-03   (    9)=-0.1792676E-02
   (   10)= 0.6508896E-04

       constraint values
   (    1)=-0.1000000E+01

       gradients for constraint    1
   (    1)= 0.0000000E+00   (    2)= 0.0000000E+00   (    3)= 0.0000000E+00
   (    4)= 0.0000000E+00   (    5)= 0.0000000E+00   (    6)= 0.0000000E+00
   (    7)= 0.0000000E+00   (    8)= 0.0000000E+00   (    9)= 0.0000000E+00
   (   10)= 0.0000000E+00

       upper and lower bounds
        3

##################################################################
       Beginning of iteration   11
       current value of rho is     0.24000E+02

       design variables
   (    1)= 0.2247012E+00   (    2)= 0.3094459E+01   (    3)= 0.5300000E+01
   (    4)= 0.3702536E+01   (    5)= 0.1864222E+01   (    6)= 0.1321141E+02
   (    7)= 0.6637588E+01   (    8)= 0.4291710E+01   (    9)=-0.8748032E-01
   (   10)= 0.7813854E+01

       scaling vector
   (    1)= 0.2336296E+00   (    2)= 0.3234194E+01   (    3)= 0.5300000E+01
   (    4)= 0.3351407E+01   (    5)= 0.1550892E+01   (    6)= 0.1291527E+02
   (    7)= 0.6560289E+01   (    8)= 0.3214542E+01   (    9)= 0.8779469E-01
   (   10)= 0.8059350E+01

       objective function number   1 =  -0.1009867745803321E+01

       gradients of objective function
   (    1)= 0.3576303E-02   (    2)= 0.2052817E-03   (    3)=-0.1141920E-02
   (    4)= 0.1689098E-03   (    5)= 0.1218759E-02   (    6)= 0.1068827E-04
   (    7)=-0.1419009E-03   (    8)=-0.7202792E-03   (    9)=-0.1651318E-02
   (   10)= 0.2962577E-03

       constraint values
   (    1)=-0.1000000E+01

       gradients for constraint    1
   (    1)= 0.0000000E+00   (    2)= 0.0000000E+00   (    3)= 0.0000000E+00
   (    4)= 0.0000000E+00   (    5)= 0.0000000E+00   (    6)= 0.0000000E+00
   (    7)= 0.0000000E+00   (    8)= 0.0000000E+00   (    9)= 0.0000000E+00
   (   10)= 0.0000000E+00

       upper and lower bounds
        3

##################################################################
       Beginning of iteration   12
       current value of rho is     0.24000E+02

       design variables
   (    1)= 0.2136711E+00   (    2)= 0.2950451E+01   (    3)= 0.5300000E+01
   (    4)= 0.3935976E+01   (    5)= 0.1709783E+01   (    6)= 0.1326708E+02
   (    7)= 0.7062618E+01   (    8)= 0.4692512E+01   (    9)=-0.8664515E-01
   (   10)= 0.7838706E+01

       scaling vector
   (    1)= 0.2336296E+00   (    2)= 0.3234194E+01   (    3)= 0.5300000E+01
   (    4)= 0.3351407E+01   (    5)= 0.1550892E+01   (    6)= 0.1291527E+02
   (    7)= 0.6560289E+01   (    8)= 0.3214542E+01   (    9)= 0.8779469E-01
   (   10)= 0.8059350E+01

       objective function number   1 =  -0.1010152364300064E+01

       gradients of objective function
   (    1)=-0.2475961E-02   (    2)= 0.1932147E-03   (    3)=-0.1137114E-02
   (    4)=-0.2036483E-02   (    5)=-0.5352190E-03   (    6)= 0.1190948E-03
   (    7)= 0.3323973E-03   (    8)= 0.6483307E-03   (    9)=-0.1228702E-02
   (   10)=-0.5758499E-03

       constraint values
   (    1)=-0.1000000E+01

       gradients for constraint    1
   (    1)= 0.0000000E+00   (    2)= 0.0000000E+00   (    3)= 0.0000000E+00
   (    4)= 0.0000000E+00   (    5)= 0.0000000E+00   (    6)= 0.0000000E+00
   (    7)= 0.0000000E+00   (    8)= 0.0000000E+00   (    9)= 0.0000000E+00
   (   10)= 0.0000000E+00

       upper and lower bounds
        3

##################################################################
       Beginning of iteration   13
       current value of rho is     0.43000E+02

       design variables
   (    1)= 0.2096828E+00   (    2)= 0.2880665E+01   (    3)= 0.5300000E+01
   (    4)= 0.4124305E+01   (    5)= 0.1641297E+01   (    6)= 0.1319692E+02
   (    7)= 0.7153150E+01   (    8)= 0.4846139E+01   (    9)=-0.8624945E-01
   (   10)= 0.7785712E+01

       scaling vector
   (    1)= 0.2336296E+00   (    2)= 0.3234194E+01   (    3)= 0.5300000E+01
   (    4)= 0.3351407E+01   (    5)= 0.1550892E+01   (    6)= 0.1291527E+02
   (    7)= 0.6560289E+01   (    8)= 0.3214542E+01   (    9)= 0.8779469E-01
   (   10)= 0.8059350E+01

       objective function number   1 =  -0.1010247792052452E+01

       gradients of objective function
   (    1)= 0.3319481E-02   (    2)= 0.1578371E-03   (    3)=-0.9784952E-03
   (    4)= 0.5129483E-04   (    5)=-0.5240460E-03   (    6)= 0.7580560E-04
   (    7)=-0.4119813E-03   (    8)= 0.9078272E-04   (    9)=-0.1149625E-02
   (   10)=-0.9452104E-04

       constraint values
   (    1)=-0.1000000E+01

       gradients for constraint    1
   (    1)= 0.0000000E+00   (    2)= 0.0000000E+00   (    3)= 0.0000000E+00
   (    4)= 0.0000000E+00   (    5)= 0.0000000E+00   (    6)= 0.0000000E+00
   (    7)= 0.0000000E+00   (    8)= 0.0000000E+00   (    9)= 0.0000000E+00
   (   10)= 0.0000000E+00

       upper and lower bounds
        3

##################################################################
       Beginning of iteration   14
       current value of rho is     0.62000E+02

       design variables
   (    1)= 0.2056828E+00   (    2)= 0.2824600E+01   (    3)= 0.5300000E+01
   (    4)= 0.4232264E+01   (    5)= 0.1592630E+01   (    6)= 0.1317851E+02
   (    7)= 0.7301079E+01   (    8)= 0.4991233E+01   (    9)=-0.8593344E-01
   (   10)= 0.7796594E+01

       scaling vector
   (    1)= 0.2336296E+00   (    2)= 0.3234194E+01   (    3)= 0.5300000E+01
   (    4)= 0.3351407E+01   (    5)= 0.1550892E+01   (    6)= 0.1291527E+02
   (    7)= 0.6560289E+01   (    8)= 0.3214542E+01   (    9)= 0.8779469E-01
   (   10)= 0.8059350E+01

       objective function number   1 =  -0.1010268916820775E+01

       gradients of objective function
   (    1)= 0.3115337E-02   (    2)= 0.1480501E-03   (    3)=-0.9148273E-03
   (    4)=-0.2599993E-04   (    5)=-0.6859885E-03   (    6)= 0.9596315E-04
   (    7)=-0.3701190E-03   (    8)= 0.3180766E-03   (    9)=-0.1071499E-02
   (   10)= 0.6613434E-04

       constraint values
   (    1)=-0.1000000E+01

       gradients for constraint    1
   (    1)= 0.0000000E+00   (    2)= 0.0000000E+00   (    3)= 0.0000000E+00
   (    4)= 0.0000000E+00   (    5)= 0.0000000E+00   (    6)= 0.0000000E+00
   (    7)= 0.0000000E+00   (    8)= 0.0000000E+00   (    9)= 0.0000000E+00
   (   10)= 0.0000000E+00

       upper and lower bounds
        3
1      final optimization information

       final design variables
   (    1)= 0.2046536E+00   (    2)= 0.2816802E+01   (    3)= 0.5300000E+01
   (    4)= 0.4222860E+01   (    5)= 0.1583002E+01   (    6)= 0.1310746E+02
   (    7)= 0.7399129E+01   (    8)= 0.4957465E+01   (    9)=-0.8587331E-01
   (   10)= 0.7823817E+01

       final value of rho is     0.62000E+02

       final objective function number   1 =  -0.1010293768589716E+01

       final constraint values
   (    1)=-0.1000000E+01

       final upper and lower bounds
        3

       termination information

       number of iterations=    14

       objective functions were evaluated   66 times

       optimization terminated by 

       relative change less than rdfun for 3 iterations


        NUMBER OF FUNC-CALLS:  NFUN =   66

        NUMBER OF GRAD-CALLS:  NGRD =   14
